<?xml version="1.0" encoding="UTF-8"?>
<!-- Generated by org.testng.reporters.JUnitReportReporter -->
<testsuite hostname="IRUSU-L2" failures="0" tests="1" name="tests.LoginTest" time="0.630" errors="0" timestamp="2022-06-16T12:12:49 EEST" skipped="0">
  <testcase classname="tests.LoginTest" name="validLoginTest" time="0.630"/>
  <system-out/>
</testsuite> <!-- tests.LoginTest -->
