<?xml version="1.0" encoding="UTF-8"?>
<!-- Generated by org.testng.reporters.JUnitReportReporter -->
<testsuite hostname="IRUSU-L2" failures="0" tests="1" name="tests.TestBrowser" time="1.745" errors="0" timestamp="2022-06-16T11:14:43 EEST" skipped="0">
  <testcase classname="tests.TestBrowser" name="testSetup" time="1.745"/>
  <system-out/>
</testsuite> <!-- tests.TestBrowser -->
